<?xml version="1.0" encoding="UTF-8"?>
<testng-results skipped="10" failed="0" total="10" passed="0">
  <reporter-output>
  </reporter-output>
  <suite name="Default suite" duration-ms="4800" started-at="2022-01-12T05:38:08Z" finished-at="2022-01-12T05:38:13Z">
    <groups>
    </groups>
    <test name="Default test" duration-ms="4800" started-at="2022-01-12T05:38:08Z" finished-at="2022-01-12T05:38:13Z">
      <class name="review_US_NC_main.CreateRequest">
        <test-method status="FAIL" signature="setup()[pri:0, instance:review_US_NC_main.CreateRequest@754ba872]" name="setup" is-config="true" duration-ms="0" started-at="2022-01-12T11:08:08Z" finished-at="2022-01-12T11:08:08Z">
          <exception class="org.openqa.selenium.WebDriverException">
            <message>
              <![CDATA[Reached error page: about:neterror?e=dnsNotFound&u=https%3A//w3south-limited-use-preprod.cpc.ibm.com/procurement/csa/common/protect/Connector.wss&c=UTF-8&d=We%20can%E2%80%99t%20connect%20to%20the%20server%20at%20w3south-limited-use-preprod.cpc.ibm.com.
Build info: version: '3.14.0', revision: 'aacccce0', time: '2018-08-02T20:05:20.749Z'
System info: host: 'DESKTOP-MEGCP4U', ip: '127.0.0.1', os.name: 'Windows 10', os.arch: 'amd64', os.version: '10.0', java.version: '1.8.0_271'
Driver info: org.openqa.selenium.firefox.FirefoxDriver
Capabilities {acceptInsecureCerts: true, browserName: firefox, browserVersion: 95.0.2, javascriptEnabled: true, moz:accessibilityChecks: false, moz:buildID: 20211218203254, moz:geckodriverVersion: 0.29.0, moz:headless: false, moz:processID: 21696, moz:profile: C:\Users\SriSwathiAnushaNul..., moz:shutdownTimeout: 60000, moz:useNonSpecCompliantPointerOrigin: false, moz:webdriverClick: true, pageLoadStrategy: normal, platform: WINDOWS, platformName: WINDOWS, platformVersion: 10.0, proxy: Proxy(), setWindowRect: true, strictFileInteractability: false, timeouts: {implicit: 0, pageLoad: 300000, script: 30000}, unhandledPromptBehavior: dismiss and notify}
Session ID: 07d1fb15-941b-4375-8259-afd54542eaf6]]>
            </message>
            <full-stacktrace>
              <![CDATA[org.openqa.selenium.WebDriverException: Reached error page: about:neterror?e=dnsNotFound&u=https%3A//w3south-limited-use-preprod.cpc.ibm.com/procurement/csa/common/protect/Connector.wss&c=UTF-8&d=We%20can%E2%80%99t%20connect%20to%20the%20server%20at%20w3south-limited-use-preprod.cpc.ibm.com.
Build info: version: '3.14.0', revision: 'aacccce0', time: '2018-08-02T20:05:20.749Z'
System info: host: 'DESKTOP-MEGCP4U', ip: '127.0.0.1', os.name: 'Windows 10', os.arch: 'amd64', os.version: '10.0', java.version: '1.8.0_271'
Driver info: org.openqa.selenium.firefox.FirefoxDriver
Capabilities {acceptInsecureCerts: true, browserName: firefox, browserVersion: 95.0.2, javascriptEnabled: true, moz:accessibilityChecks: false, moz:buildID: 20211218203254, moz:geckodriverVersion: 0.29.0, moz:headless: false, moz:processID: 21696, moz:profile: C:\Users\SriSwathiAnushaNul..., moz:shutdownTimeout: 60000, moz:useNonSpecCompliantPointerOrigin: false, moz:webdriverClick: true, pageLoadStrategy: normal, platform: WINDOWS, platformName: WINDOWS, platformVersion: 10.0, proxy: Proxy(), setWindowRect: true, strictFileInteractability: false, timeouts: {implicit: 0, pageLoad: 300000, script: 30000}, unhandledPromptBehavior: dismiss and notify}
Session ID: 07d1fb15-941b-4375-8259-afd54542eaf6
	at sun.reflect.NativeConstructorAccessorImpl.newInstance0(Native Method)
	at sun.reflect.NativeConstructorAccessorImpl.newInstance(Unknown Source)
	at sun.reflect.DelegatingConstructorAccessorImpl.newInstance(Unknown Source)
	at java.lang.reflect.Constructor.newInstance(Unknown Source)
	at org.openqa.selenium.remote.http.W3CHttpResponseCodec.createException(W3CHttpResponseCodec.java:187)
	at org.openqa.selenium.remote.http.W3CHttpResponseCodec.decode(W3CHttpResponseCodec.java:122)
	at org.openqa.selenium.remote.http.W3CHttpResponseCodec.decode(W3CHttpResponseCodec.java:49)
	at org.openqa.selenium.remote.HttpCommandExecutor.execute(HttpCommandExecutor.java:158)
	at org.openqa.selenium.remote.service.DriverCommandExecutor.execute(DriverCommandExecutor.java:83)
	at org.openqa.selenium.remote.RemoteWebDriver.execute(RemoteWebDriver.java:548)
	at org.openqa.selenium.remote.RemoteWebDriver.get(RemoteWebDriver.java:276)
	at review_US_NC_main.CreateRequest.setup(CreateRequest.java:54)
	at sun.reflect.NativeMethodAccessorImpl.invoke0(Native Method)
	at sun.reflect.NativeMethodAccessorImpl.invoke(Unknown Source)
	at sun.reflect.DelegatingMethodAccessorImpl.invoke(Unknown Source)
	at java.lang.reflect.Method.invoke(Unknown Source)
	at org.testng.internal.MethodInvocationHelper.invokeMethod(MethodInvocationHelper.java:86)
	at org.testng.internal.Invoker.invokeConfigurationMethod(Invoker.java:514)
	at org.testng.internal.Invoker.invokeConfigurations(Invoker.java:215)
	at org.testng.internal.Invoker.invokeConfigurations(Invoker.java:142)
	at org.testng.TestRunner.beforeRun(TestRunner.java:656)
	at org.testng.TestRunner.run(TestRunner.java:624)
	at org.testng.SuiteRunner.runTest(SuiteRunner.java:366)
	at org.testng.SuiteRunner.runSequentially(SuiteRunner.java:361)
	at org.testng.SuiteRunner.privateRun(SuiteRunner.java:319)
	at org.testng.SuiteRunner.run(SuiteRunner.java:268)
	at org.testng.SuiteRunnerWorker.runSuite(SuiteRunnerWorker.java:52)
	at org.testng.SuiteRunnerWorker.run(SuiteRunnerWorker.java:86)
	at org.testng.TestNG.runSuitesSequentially(TestNG.java:1244)
	at org.testng.TestNG.runSuitesLocally(TestNG.java:1169)
	at org.testng.TestNG.run(TestNG.java:1064)
	at org.testng.remote.AbstractRemoteTestNG.run(AbstractRemoteTestNG.java:132)
	at org.testng.remote.RemoteTestNG.initAndRun(RemoteTestNG.java:236)
	at org.testng.remote.RemoteTestNG.main(RemoteTestNG.java:81)
]]>
            </full-stacktrace>
          </exception> <!-- org.openqa.selenium.WebDriverException -->
          <reporter-output>
          </reporter-output>
        </test-method> <!-- setup -->
        <test-method status="SKIP" signature="RIPC_Login()[pri:0, instance:review_US_NC_main.CreateRequest@754ba872]" name="RIPC_Login" duration-ms="0" started-at="2022-01-12T11:08:13Z" finished-at="2022-01-12T11:08:13Z">
          <reporter-output>
          </reporter-output>
        </test-method> <!-- RIPC_Login -->
        <test-method status="SKIP" signature="Create_Req()[pri:1, instance:review_US_NC_main.CreateRequest@754ba872]" name="Create_Req" duration-ms="0" started-at="2022-01-12T11:08:13Z" finished-at="2022-01-12T11:08:13Z">
          <reporter-output>
          </reporter-output>
        </test-method> <!-- Create_Req -->
        <test-method status="SKIP" signature="select_jrss()[pri:4, instance:review_US_NC_main.CreateRequest@754ba872]" name="select_jrss" duration-ms="0" started-at="2022-01-12T11:08:13Z" finished-at="2022-01-12T11:08:13Z">
          <reporter-output>
          </reporter-output>
        </test-method> <!-- select_jrss -->
        <test-method status="SKIP" signature="skill_Req()[pri:2, instance:review_US_NC_main.CreateRequest@754ba872]" name="skill_Req" duration-ms="0" started-at="2022-01-12T11:08:13Z" finished-at="2022-01-12T11:08:13Z">
          <reporter-output>
          </reporter-output>
        </test-method> <!-- skill_Req -->
        <test-method status="SKIP" signature="select_Req()[pri:3, instance:review_US_NC_main.CreateRequest@754ba872]" name="select_Req" duration-ms="0" started-at="2022-01-12T11:08:13Z" finished-at="2022-01-12T11:08:13Z">
          <reporter-output>
          </reporter-output>
        </test-method> <!-- select_Req -->
        <test-method status="SKIP" signature="req_detail()[pri:5, instance:review_US_NC_main.CreateRequest@754ba872]" name="req_detail" duration-ms="16" started-at="2022-01-12T11:08:13Z" finished-at="2022-01-12T11:08:13Z">
          <reporter-output>
          </reporter-output>
        </test-method> <!-- req_detail -->
        <test-method status="SKIP" signature="skill_loc()[pri:6, instance:review_US_NC_main.CreateRequest@754ba872]" name="skill_loc" duration-ms="0" started-at="2022-01-12T11:08:13Z" finished-at="2022-01-12T11:08:13Z">
          <reporter-output>
          </reporter-output>
        </test-method> <!-- skill_loc -->
        <test-method status="SKIP" signature="skill_price()[pri:8, instance:review_US_NC_main.CreateRequest@754ba872]" name="skill_price" duration-ms="0" started-at="2022-01-12T11:08:13Z" finished-at="2022-01-12T11:08:13Z">
          <reporter-output>
          </reporter-output>
        </test-method> <!-- skill_price -->
        <test-method status="SKIP" signature="alert_check()[pri:7, instance:review_US_NC_main.CreateRequest@754ba872]" name="alert_check" duration-ms="0" started-at="2022-01-12T11:08:13Z" finished-at="2022-01-12T11:08:13Z">
          <reporter-output>
          </reporter-output>
        </test-method> <!-- alert_check -->
        <test-method status="SKIP" signature="supp()[pri:9, instance:review_US_NC_main.CreateRequest@754ba872]" name="supp" duration-ms="0" started-at="2022-01-12T11:08:13Z" finished-at="2022-01-12T11:08:13Z">
          <reporter-output>
          </reporter-output>
        </test-method> <!-- supp -->
      </class> <!-- review_US_NC_main.CreateRequest -->
    </test> <!-- Default test -->
  </suite> <!-- Default suite -->
</testng-results>
